<?xml version="1.0" encoding="UTF-8"?>
<!-- Generated by org.testng.reporters.JUnitReportReporter -->
<testsuite skipped="0" hostname="LAPTOP-93BLMV24" name="test.TestActitimeLogin" tests="1" failures="0" timestamp="16 Sep 2020 14:55:27 GMT" time="20.880" errors="0">
  <testcase name="Login" time="20.880" classname="test.TestActitimeLogin"/>
</testsuite> <!-- test.TestActitimeLogin -->
