<?xml version="1.0" encoding="UTF-8"?>
<!-- Generated by org.testng.reporters.JUnitReportReporter -->
<testsuite skipped="0" hostname="LAPTOP-93BLMV24" name="test.TestActitimeCreateDeletework" tests="1" failures="0" timestamp="16 Sep 2020 14:55:27 GMT" time="32.692" errors="0">
  <testcase name="work" time="32.692" classname="test.TestActitimeCreateDeletework"/>
</testsuite> <!-- test.TestActitimeCreateDeletework -->
