<?xml version="1.0" encoding="UTF-8"?>
<!-- Generated by org.testng.reporters.JUnitReportReporter -->
<testsuite skipped="0" hostname="LAPTOP-93BLMV24" name="test.TestActitimeCreateDeleteLeavetype" tests="1" failures="0" timestamp="16 Sep 2020 14:55:27 GMT" time="53.920" errors="0">
  <testcase name="leave" time="53.920" classname="test.TestActitimeCreateDeleteLeavetype"/>
</testsuite> <!-- test.TestActitimeCreateDeleteLeavetype -->
